TARS-Assistant/app/build/intermediates/manifest_merge_blame_file/debug/manifest-merger-blame-debug-report.txt
1<?xml version="1.0" encoding="utf-8"?>
2<manifest xmlns:android="http://schemas.android.com/apk/res/android"
3    package="com.tars.assistant.debug"
4    android:versionCode="1"
5    android:versionName="1.0.0" >
6
7    <uses-sdk
8        android:minSdkVersion="26"
9        android:targetSdkVersion="34" />
10
11    <uses-permission android:name="android.permission.INTERNET" />
11-->src/main/AndroidManifest.xml:4:5-67
11-->src/main/AndroidManifest.xml:4:22-64
12    <uses-permission android:name="android.permission.ACCESS_NETWORK_STATE" />
12-->src/main/AndroidManifest.xml:5:5-79
12-->src/main/AndroidManifest.xml:5:22-76
13    <uses-permission android:name="android.permission.RECORD_AUDIO" />
13-->src/main/AndroidManifest.xml:6:5-71
13-->src/main/AndroidManifest.xml:6:22-68
14    <uses-permission android:name="android.permission.MODIFY_AUDIO_SETTINGS" />
14-->src/main/AndroidManifest.xml:7:5-80
14-->src/main/AndroidManifest.xml:7:22-77
15    <uses-permission android:name="android.permission.SET_ALARM" />
15-->src/main/AndroidManifest.xml:8:5-68
15-->src/main/AndroidManifest.xml:8:22-65
16    <uses-permission android:name="android.permission.VIBRATE" />
16-->src/main/AndroidManifest.xml:9:5-66
16-->src/main/AndroidManifest.xml:9:22-63
17    <uses-permission android:name="android.permission.READ_CALENDAR" />
17-->src/main/AndroidManifest.xml:10:5-72
17-->src/main/AndroidManifest.xml:10:22-69
18    <uses-permission android:name="android.permission.WRITE_CALENDAR" />
18-->src/main/AndroidManifest.xml:11:5-73
18-->src/main/AndroidManifest.xml:11:22-70
19    <uses-permission android:name="android.permission.ACCESS_FINE_LOCATION" />
19-->src/main/AndroidManifest.xml:12:5-79
19-->src/main/AndroidManifest.xml:12:22-76
20    <uses-permission android:name="android.permission.ACCESS_COARSE_LOCATION" />
20-->src/main/AndroidManifest.xml:13:5-81
20-->src/main/AndroidManifest.xml:13:22-78
21    <uses-permission android:name="android.permission.RECEIVE_BOOT_COMPLETED" />
21-->src/main/AndroidManifest.xml:14:5-81
21-->src/main/AndroidManifest.xml:14:22-78
22    <uses-permission android:name="android.permission.SCHEDULE_EXACT_ALARM" />
22-->src/main/AndroidManifest.xml:15:5-79
22-->src/main/AndroidManifest.xml:15:22-76
23    <uses-permission android:name="android.permission.POST_NOTIFICATIONS" />
23-->src/main/AndroidManifest.xml:16:5-77
23-->src/main/AndroidManifest.xml:16:22-74
24    <uses-permission android:name="android.permission.USE_EXACT_ALARM" />
24-->src/main/AndroidManifest.xml:17:5-74
24-->src/main/AndroidManifest.xml:17:22-71
25    <uses-permission android:name="android.permission.FOREGROUND_SERVICE" />
25-->src/main/AndroidManifest.xml:18:5-77
25-->src/main/AndroidManifest.xml:18:22-74
26    <uses-permission android:name="android.permission.FOREGROUND_SERVICE_MICROPHONE" />
26-->src/main/AndroidManifest.xml:19:5-88
26-->src/main/AndroidManifest.xml:19:22-85
27
28    <permission
28-->[androidx.core:core:1.12.0] AndroidManifest.xml:22:5-24:47
29        android:name="com.tars.assistant.debug.DYNAMIC_RECEIVER_NOT_EXPORTED_PERMISSION"
29-->[androidx.core:core:1.12.0] AndroidManifest.xml:23:9-81
30        android:protectionLevel="signature" />
30-->[androidx.core:core:1.12.0] AndroidManifest.xml:24:9-44
31
32    <uses-permission android:name="com.tars.assistant.debug.DYNAMIC_RECEIVER_NOT_EXPORTED_PERMISSION" />
32-->[androidx.core:core:1.12.0] AndroidManifest.xml:26:5-97
32-->[androidx.core:core:1.12.0] AndroidManifest.xml:26:22-94
33
34    <application
34-->src/main/AndroidManifest.xml:21:5-69:19
35        android:allowBackup="true"
35-->src/main/AndroidManifest.xml:22:9-35
36        android:appComponentFactory="androidx.core.app.CoreComponentFactory"
36-->[androidx.core:core:1.12.0] AndroidManifest.xml:28:18-86
37        android:debuggable="true"
38        android:extractNativeLibs="false"
39        android:hardwareAccelerated="true"
39-->src/main/AndroidManifest.xml:28:9-43
40        android:icon="@mipmap/ic_launcher"
40-->src/main/AndroidManifest.xml:23:9-43
41        android:label="@string/app_name"
41-->src/main/AndroidManifest.xml:24:9-41
42        android:roundIcon="@mipmap/ic_launcher_round"
42-->src/main/AndroidManifest.xml:25:9-54
43        android:supportsRtl="true"
43-->src/main/AndroidManifest.xml:26:9-35
44        android:theme="@style/Theme.TARSAssistant" >
44-->src/main/AndroidManifest.xml:27:9-51
45        <activity
45-->src/main/AndroidManifest.xml:30:9-39:20
46            android:name="com.tars.assistant.ui.MainActivity"
46-->src/main/AndroidManifest.xml:31:13-44
47            android:exported="true"
47-->src/main/AndroidManifest.xml:32:13-36
48            android:screenOrientation="portrait"
48-->src/main/AndroidManifest.xml:34:13-49
49            android:windowSoftInputMode="adjustResize" >
49-->src/main/AndroidManifest.xml:33:13-55
50            <intent-filter>
50-->src/main/AndroidManifest.xml:35:13-38:29
51                <action android:name="android.intent.action.MAIN" />
51-->src/main/AndroidManifest.xml:36:17-69
51-->src/main/AndroidManifest.xml:36:25-66
52
53                <category android:name="android.intent.category.LAUNCHER" />
53-->src/main/AndroidManifest.xml:37:17-77
53-->src/main/AndroidManifest.xml:37:27-74
54            </intent-filter>
55        </activity>
56
57        <receiver
57-->src/main/AndroidManifest.xml:41:9-46:20
58            android:name="com.tars.assistant.widget.TarsWidget"
58-->src/main/AndroidManifest.xml:41:19-52
59            android:exported="true"
59-->src/main/AndroidManifest.xml:41:53-76
60            android:label="TARS" >
60-->src/main/AndroidManifest.xml:41:77-97
61            <intent-filter>
61-->src/main/AndroidManifest.xml:42:13-44:29
62                <action android:name="android.appwidget.action.APPWIDGET_UPDATE" />
62-->src/main/AndroidManifest.xml:43:17-84
62-->src/main/AndroidManifest.xml:43:25-81
63            </intent-filter>
64
65            <meta-data
65-->src/main/AndroidManifest.xml:45:13-109
66                android:name="android.appwidget.provider"
66-->src/main/AndroidManifest.xml:45:24-65
67                android:resource="@xml/tars_widget_info" />
67-->src/main/AndroidManifest.xml:45:66-106
68        </receiver>
69
70        <service
70-->src/main/AndroidManifest.xml:48:9-57:19
71            android:name="com.tars.assistant.service.TarsQuickTileService"
71-->src/main/AndroidManifest.xml:49:13-57
72            android:exported="true"
72-->src/main/AndroidManifest.xml:50:13-36
73            android:icon="@drawable/ic_tars_splash"
73-->src/main/AndroidManifest.xml:51:13-52
74            android:label="TARS"
74-->src/main/AndroidManifest.xml:52:13-33
75            android:permission="android.permission.BIND_QUICK_SETTINGS_TILE" >
75-->src/main/AndroidManifest.xml:53:13-77
76            <intent-filter>
76-->src/main/AndroidManifest.xml:54:13-56:29
77                <action android:name="android.service.quicksettings.action.QS_TILE" />
77-->src/main/AndroidManifest.xml:55:17-87
77-->src/main/AndroidManifest.xml:55:25-84
78            </intent-filter>
79        </service>
80
81        <receiver
81-->src/main/AndroidManifest.xml:59:9-65:20
82            android:name="com.tars.assistant.receiver.VoiceActivationReceiver"
82-->src/main/AndroidManifest.xml:59:19-67
83            android:exported="true" >
83-->src/main/AndroidManifest.xml:59:68-91
84            <intent-filter>
84-->src/main/AndroidManifest.xml:60:13-64:29
85                <action android:name="com.tars.assistant.WIDGET_MIC" />
85-->src/main/AndroidManifest.xml:61:17-72
85-->src/main/AndroidManifest.xml:61:25-69
86                <action android:name="com.tars.assistant.STOP_LISTENING" />
86-->src/main/AndroidManifest.xml:62:17-76
86-->src/main/AndroidManifest.xml:62:25-73
87                <action android:name="android.intent.action.BOOT_COMPLETED" />
87-->src/main/AndroidManifest.xml:63:17-79
87-->src/main/AndroidManifest.xml:63:25-76
88            </intent-filter>
89        </receiver>
90        <receiver
90-->src/main/AndroidManifest.xml:67:9-92
91            android:name="com.tars.assistant.service.TarsProactiveReceiver"
91-->src/main/AndroidManifest.xml:67:19-64
92            android:exported="false" />
92-->src/main/AndroidManifest.xml:67:65-89
93
94        <activity
94-->[androidx.compose.ui:ui-tooling-android:1.5.4] AndroidManifest.xml:23:9-25:39
95            android:name="androidx.compose.ui.tooling.PreviewActivity"
95-->[androidx.compose.ui:ui-tooling-android:1.5.4] AndroidManifest.xml:24:13-71
96            android:exported="true" />
96-->[androidx.compose.ui:ui-tooling-android:1.5.4] AndroidManifest.xml:25:13-36
97
98        <provider
98-->[androidx.emoji2:emoji2:1.4.0] AndroidManifest.xml:24:9-32:20
99            android:name="androidx.startup.InitializationProvider"
99-->[androidx.emoji2:emoji2:1.4.0] AndroidManifest.xml:25:13-67
100            android:authorities="com.tars.assistant.debug.androidx-startup"
100-->[androidx.emoji2:emoji2:1.4.0] AndroidManifest.xml:26:13-68
101            android:exported="false" >
101-->[androidx.emoji2:emoji2:1.4.0] AndroidManifest.xml:27:13-37
102            <meta-data
102-->[androidx.emoji2:emoji2:1.4.0] AndroidManifest.xml:29:13-31:52
103                android:name="androidx.emoji2.text.EmojiCompatInitializer"
103-->[androidx.emoji2:emoji2:1.4.0] AndroidManifest.xml:30:17-75
104                android:value="androidx.startup" />
104-->[androidx.emoji2:emoji2:1.4.0] AndroidManifest.xml:31:17-49
105            <meta-data
105-->[androidx.lifecycle:lifecycle-process:2.7.0] AndroidManifest.xml:29:13-31:52
106                android:name="androidx.lifecycle.ProcessLifecycleInitializer"
106-->[androidx.lifecycle:lifecycle-process:2.7.0] AndroidManifest.xml:30:17-78
107                android:value="androidx.startup" />
107-->[androidx.lifecycle:lifecycle-process:2.7.0] AndroidManifest.xml:31:17-49
108            <meta-data
108-->[androidx.profileinstaller:profileinstaller:1.3.0] AndroidManifest.xml:29:13-31:52
109                android:name="androidx.profileinstaller.ProfileInstallerInitializer"
109-->[androidx.profileinstaller:profileinstaller:1.3.0] AndroidManifest.xml:30:17-85
110                android:value="androidx.startup" />
110-->[androidx.profileinstaller:profileinstaller:1.3.0] AndroidManifest.xml:31:17-49
111        </provider>
112
113        <activity
113-->[androidx.compose.ui:ui-test-manifest:1.5.4] AndroidManifest.xml:23:9-25:39
114            android:name="androidx.activity.ComponentActivity"
114-->[androidx.compose.ui:ui-test-manifest:1.5.4] AndroidManifest.xml:24:13-63
115            android:exported="true" />
115-->[androidx.compose.ui:ui-test-manifest:1.5.4] AndroidManifest.xml:25:13-36
116
117        <receiver
117-->[androidx.profileinstaller:profileinstaller:1.3.0] AndroidManifest.xml:34:9-52:20
118            android:name="androidx.profileinstaller.ProfileInstallReceiver"
118-->[androidx.profileinstaller:profileinstaller:1.3.0] AndroidManifest.xml:35:13-76
119            android:directBootAware="false"
119-->[androidx.profileinstaller:profileinstaller:1.3.0] AndroidManifest.xml:36:13-44
120            android:enabled="true"
120-->[androidx.profileinstaller:profileinstaller:1.3.0] AndroidManifest.xml:37:13-35
121            android:exported="true"
121-->[androidx.profileinstaller:profileinstaller:1.3.0] AndroidManifest.xml:38:13-36
122            android:permission="android.permission.DUMP" >
122-->[androidx.profileinstaller:profileinstaller:1.3.0] AndroidManifest.xml:39:13-57
123            <intent-filter>
123-->[androidx.profileinstaller:profileinstaller:1.3.0] AndroidManifest.xml:40:13-42:29
124                <action android:name="androidx.profileinstaller.action.INSTALL_PROFILE" />
124-->[androidx.profileinstaller:profileinstaller:1.3.0] AndroidManifest.xml:41:17-91
124-->[androidx.profileinstaller:profileinstaller:1.3.0] AndroidManifest.xml:41:25-88
125            </intent-filter>
126            <intent-filter>
126-->[androidx.profileinstaller:profileinstaller:1.3.0] AndroidManifest.xml:43:13-45:29
127                <action android:name="androidx.profileinstaller.action.SKIP_FILE" />
127-->[androidx.profileinstaller:profileinstaller:1.3.0] AndroidManifest.xml:44:17-85
127-->[androidx.profileinstaller:profileinstaller:1.3.0] AndroidManifest.xml:44:25-82
128            </intent-filter>
129            <intent-filter>
129-->[androidx.profileinstaller:profileinstaller:1.3.0] AndroidManifest.xml:46:13-48:29
130                <action android:name="androidx.profileinstaller.action.SAVE_PROFILE" />
130-->[androidx.profileinstaller:profileinstaller:1.3.0] AndroidManifest.xml:47:17-88
130-->[androidx.profileinstaller:profileinstaller:1.3.0] AndroidManifest.xml:47:25-85
131            </intent-filter>
132            <intent-filter>
132-->[androidx.profileinstaller:profileinstaller:1.3.0] AndroidManifest.xml:49:13-51:29
133                <action android:name="androidx.profileinstaller.action.BENCHMARK_OPERATION" />
133-->[androidx.profileinstaller:profileinstaller:1.3.0] AndroidManifest.xml:50:17-95
133-->[androidx.profileinstaller:profileinstaller:1.3.0] AndroidManifest.xml:50:25-92
134            </intent-filter>
135        </receiver>
136    </application>
137
138</manifest>